{"C:\\Users\\sneha\\OneDrive\\Desktop\\MyWork\\JSFiddle\\src\\components\\ContactUs.js": {"path":"C:\\Users\\sneha\\OneDrive\\Desktop\\MyWork\\JSFiddle\\src\\components\\ContactUs.js","statementMap":{"0":{"start":{"line":3,"column":17},"end":{"line":46,"column":1}},"1":{"start":{"line":4,"column":4},"end":{"line":45,"column":5}}},"fnMap":{"0":{"name":"(anonymous_0)","decl":{"start":{"line":3,"column":17},"end":{"line":3,"column":18}},"loc":{"start":{"line":3,"column":22},"end":{"line":46,"column":1}},"line":3}},"branchMap":{},"s":{"0":1,"1":1},"f":{"0":1},"b":{},"_coverageSchema":"1a1c01bbd47fc00a2c39e90264f33305004495a9","hash":"22d4ae20acf73c8eeb1c91dcc6ec7e48a24b53cd"}
,"C:\\Users\\sneha\\OneDrive\\Desktop\\MyWork\\JSFiddle\\src\\components\\ItemList.js": {"path":"C:\\Users\\sneha\\OneDrive\\Desktop\\MyWork\\JSFiddle\\src\\components\\ItemList.js","statementMap":{"0":{"start":{"line":6,"column":24},"end":{"line":38,"column":1}},"1":{"start":{"line":8,"column":19},"end":{"line":8,"column":32}},"2":{"start":{"line":9,"column":24},"end":{"line":11,"column":3}},"3":{"start":{"line":10,"column":4},"end":{"line":10,"column":27}},"4":{"start":{"line":13,"column":2},"end":{"line":37,"column":4}},"5":{"start":{"line":17,"column":10},"end":{"line":33,"column":16}},"6":{"start":{"line":31,"column":125},"end":{"line":31,"column":144}}},"fnMap":{"0":{"name":"(anonymous_0)","decl":{"start":{"line":6,"column":24},"end":{"line":6,"column":25}},"loc":{"start":{"line":6,"column":39},"end":{"line":38,"column":1}},"line":6},"1":{"name":"(anonymous_1)","decl":{"start":{"line":9,"column":24},"end":{"line":9,"column":25}},"loc":{"start":{"line":9,"column":33},"end":{"line":11,"column":3}},"line":9},"2":{"name":"(anonymous_2)","decl":{"start":{"line":16,"column":19},"end":{"line":16,"column":20}},"loc":{"start":{"line":17,"column":10},"end":{"line":33,"column":16}},"line":17},"3":{"name":"(anonymous_3)","decl":{"start":{"line":31,"column":121},"end":{"line":31,"column":122}},"loc":{"start":{"line":31,"column":125},"end":{"line":31,"column":144}},"line":31}},"branchMap":{"0":{"loc":{"start":{"line":21,"column":22},"end":{"line":21,"column":196}},"type":"cond-expr","locations":[{"start":{"line":21,"column":46},"end":{"line":21,"column":78}},{"start":{"line":21,"column":81},"end":{"line":21,"column":196}}],"line":21},"1":{"loc":{"start":{"line":26,"column":15},"end":{"line":28,"column":51}},"type":"cond-expr","locations":[{"start":{"line":27,"column":18},"end":{"line":27,"column":44}},{"start":{"line":28,"column":18},"end":{"line":28,"column":51}}],"line":26}},"s":{"0":1,"1":0,"2":0,"3":0,"4":0,"5":0,"6":0},"f":{"0":0,"1":0,"2":0,"3":0},"b":{"0":[0,0],"1":[0,0]},"_coverageSchema":"1a1c01bbd47fc00a2c39e90264f33305004495a9","hash":"45128ab65201d16e6111a4e4f21dc3cb1e2e2ab0"}
,"C:\\Users\\sneha\\OneDrive\\Desktop\\MyWork\\JSFiddle\\src\\components\\MenuItem.js": {"path":"C:\\Users\\sneha\\OneDrive\\Desktop\\MyWork\\JSFiddle\\src\\components\\MenuItem.js","statementMap":{"0":{"start":{"line":3,"column":17},"end":{"line":14,"column":1}},"1":{"start":{"line":4,"column":2},"end":{"line":13,"column":4}}},"fnMap":{"0":{"name":"(anonymous_0)","decl":{"start":{"line":3,"column":17},"end":{"line":3,"column":18}},"loc":{"start":{"line":3,"column":28},"end":{"line":14,"column":1}},"line":3}},"branchMap":{},"s":{"0":1,"1":0},"f":{"0":0},"b":{},"_coverageSchema":"1a1c01bbd47fc00a2c39e90264f33305004495a9","hash":"05004b664f9bf7ced94b1736f189b291837226e8"}
,"C:\\Users\\sneha\\OneDrive\\Desktop\\MyWork\\JSFiddle\\src\\components\\RestaurentCard.js": {"path":"C:\\Users\\sneha\\OneDrive\\Desktop\\MyWork\\JSFiddle\\src\\components\\RestaurentCard.js","statementMap":{"0":{"start":{"line":10,"column":23},"end":{"line":56,"column":1}},"1":{"start":{"line":11,"column":2},"end":{"line":55,"column":4}},"2":{"start":{"line":58,"column":33},"end":{"line":69,"column":1}},"3":{"start":{"line":59,"column":2},"end":{"line":68,"column":4}},"4":{"start":{"line":60,"column":4},"end":{"line":67,"column":6}}},"fnMap":{"0":{"name":"(anonymous_0)","decl":{"start":{"line":10,"column":23},"end":{"line":10,"column":24}},"loc":{"start":{"line":10,"column":34},"end":{"line":56,"column":1}},"line":10},"1":{"name":"(anonymous_1)","decl":{"start":{"line":58,"column":33},"end":{"line":58,"column":34}},"loc":{"start":{"line":58,"column":53},"end":{"line":69,"column":1}},"line":58},"2":{"name":"(anonymous_2)","decl":{"start":{"line":59,"column":9},"end":{"line":59,"column":10}},"loc":{"start":{"line":59,"column":20},"end":{"line":68,"column":3}},"line":59}},"branchMap":{"0":{"loc":{"start":{"line":25,"column":9},"end":{"line":28,"column":14}},"type":"binary-expr","locations":[{"start":{"line":25,"column":9},"end":{"line":25,"column":54}},{"start":{"line":25,"column":58},"end":{"line":28,"column":14}}],"line":25}},"s":{"0":1,"1":0,"2":1,"3":0,"4":0},"f":{"0":0,"1":0,"2":0},"b":{"0":[0,0]},"_coverageSchema":"1a1c01bbd47fc00a2c39e90264f33305004495a9","hash":"398e3d0a656cb16ba05f639d8a9ce1cd7ec6998a"}
,"C:\\Users\\sneha\\OneDrive\\Desktop\\MyWork\\JSFiddle\\src\\components\\RestaurentCategory.js": {"path":"C:\\Users\\sneha\\OneDrive\\Desktop\\MyWork\\JSFiddle\\src\\components\\RestaurentCategory.js","statementMap":{"0":{"start":{"line":5,"column":27},"end":{"line":29,"column":1}},"1":{"start":{"line":7,"column":22},"end":{"line":9,"column":3}},"2":{"start":{"line":8,"column":4},"end":{"line":8,"column":19}},"3":{"start":{"line":11,"column":2},"end":{"line":28,"column":4}}},"fnMap":{"0":{"name":"(anonymous_0)","decl":{"start":{"line":5,"column":27},"end":{"line":5,"column":28}},"loc":{"start":{"line":5,"column":66},"end":{"line":29,"column":1}},"line":5},"1":{"name":"(anonymous_1)","decl":{"start":{"line":7,"column":22},"end":{"line":7,"column":23}},"loc":{"start":{"line":7,"column":28},"end":{"line":9,"column":3}},"line":7}},"branchMap":{"0":{"loc":{"start":{"line":23,"column":9},"end":{"line":25,"column":9}},"type":"binary-expr","locations":[{"start":{"line":23,"column":9},"end":{"line":23,"column":18}},{"start":{"line":24,"column":10},"end":{"line":24,"column":95}}],"line":23}},"s":{"0":1,"1":0,"2":0,"3":0},"f":{"0":0,"1":0},"b":{"0":[0,0]},"_coverageSchema":"1a1c01bbd47fc00a2c39e90264f33305004495a9","hash":"3521667618b51af7c26448d4d120cf725b3379d0"}
,"C:\\Users\\sneha\\OneDrive\\Desktop\\MyWork\\JSFiddle\\src\\components\\Restaurentmenu.js": {"path":"C:\\Users\\sneha\\OneDrive\\Desktop\\MyWork\\JSFiddle\\src\\components\\Restaurentmenu.js","statementMap":{"0":{"start":{"line":8,"column":23},"end":{"line":75,"column":1}},"1":{"start":{"line":9,"column":46},"end":{"line":9,"column":60}},"2":{"start":{"line":10,"column":46},"end":{"line":10,"column":60}},"3":{"start":{"line":11,"column":20},"end":{"line":11,"column":31}},"4":{"start":{"line":12,"column":36},"end":{"line":12,"column":50}},"5":{"start":{"line":13,"column":24},"end":{"line":13,"column":32}},"6":{"start":{"line":15,"column":2},"end":{"line":17,"column":9}},"7":{"start":{"line":16,"column":4},"end":{"line":16,"column":16}},"8":{"start":{"line":19,"column":2},"end":{"line":21,"column":16}},"9":{"start":{"line":20,"column":4},"end":{"line":20,"column":38}},"10":{"start":{"line":23,"column":20},"end":{"line":34,"column":3}},"11":{"start":{"line":24,"column":17},"end":{"line":24,"column":50}},"12":{"start":{"line":25,"column":17},"end":{"line":25,"column":34}},"13":{"start":{"line":26,"column":4},"end":{"line":26,"column":34}},"14":{"start":{"line":27,"column":4},"end":{"line":33,"column":6}},"15":{"start":{"line":30,"column":10},"end":{"line":31,"column":72}},"16":{"start":{"line":36,"column":2},"end":{"line":38,"column":3}},"17":{"start":{"line":37,"column":4},"end":{"line":37,"column":31}},"18":{"start":{"line":41,"column":4},"end":{"line":41,"column":46}},"19":{"start":{"line":43,"column":4},"end":{"line":44,"column":23}},"20":{"start":{"line":46,"column":2},"end":{"line":74,"column":4}},"21":{"start":{"line":59,"column":12},"end":{"line":69,"column":14}},"22":{"start":{"line":65,"column":16},"end":{"line":67,"column":40}}},"fnMap":{"0":{"name":"(anonymous_0)","decl":{"start":{"line":8,"column":23},"end":{"line":8,"column":24}},"loc":{"start":{"line":8,"column":29},"end":{"line":75,"column":1}},"line":8},"1":{"name":"(anonymous_1)","decl":{"start":{"line":15,"column":12},"end":{"line":15,"column":13}},"loc":{"start":{"line":15,"column":18},"end":{"line":17,"column":3}},"line":15},"2":{"name":"(anonymous_2)","decl":{"start":{"line":19,"column":12},"end":{"line":19,"column":13}},"loc":{"start":{"line":19,"column":16},"end":{"line":21,"column":3}},"line":19},"3":{"name":"(anonymous_3)","decl":{"start":{"line":23,"column":20},"end":{"line":23,"column":21}},"loc":{"start":{"line":23,"column":32},"end":{"line":34,"column":3}},"line":23},"4":{"name":"(anonymous_4)","decl":{"start":{"line":29,"column":8},"end":{"line":29,"column":9}},"loc":{"start":{"line":30,"column":10},"end":{"line":31,"column":72}},"line":30},"5":{"name":"(anonymous_5)","decl":{"start":{"line":58,"column":30},"end":{"line":58,"column":31}},"loc":{"start":{"line":59,"column":12},"end":{"line":69,"column":14}},"line":59},"6":{"name":"(anonymous_6)","decl":{"start":{"line":64,"column":28},"end":{"line":64,"column":29}},"loc":{"start":{"line":64,"column":34},"end":{"line":68,"column":15}},"line":64}},"branchMap":{"0":{"loc":{"start":{"line":36,"column":2},"end":{"line":38,"column":3}},"type":"if","locations":[{"start":{"line":36,"column":2},"end":{"line":38,"column":3}},{"start":{},"end":{}}],"line":36},"1":{"loc":{"start":{"line":56,"column":7},"end":{"line":72,"column":7}},"type":"binary-expr","locations":[{"start":{"line":56,"column":7},"end":{"line":56,"column":33}},{"start":{"line":57,"column":8},"end":{"line":71,"column":14}}],"line":56},"2":{"loc":{"start":{"line":63,"column":25},"end":{"line":63,"column":59}},"type":"cond-expr","locations":[{"start":{"line":63,"column":47},"end":{"line":63,"column":51}},{"start":{"line":63,"column":54},"end":{"line":63,"column":59}}],"line":63},"3":{"loc":{"start":{"line":65,"column":16},"end":{"line":67,"column":39}},"type":"cond-expr","locations":[{"start":{"line":66,"column":20},"end":{"line":66,"column":38}},{"start":{"line":67,"column":20},"end":{"line":67,"column":39}}],"line":65}},"s":{"0":1,"1":2,"2":2,"3":2,"4":2,"5":2,"6":2,"7":1,"8":2,"9":1,"10":2,"11":1,"12":1,"13":1,"14":1,"15":0,"16":2,"17":2,"18":0,"19":0,"20":0,"21":0,"22":0},"f":{"0":2,"1":1,"2":1,"3":1,"4":0,"5":0,"6":0},"b":{"0":[2,0],"1":[0,0],"2":[0,0],"3":[0,0]},"_coverageSchema":"1a1c01bbd47fc00a2c39e90264f33305004495a9","hash":"fddb80690c4046bf9a297c570348e140b0dae29f"}
,"C:\\Users\\sneha\\OneDrive\\Desktop\\MyWork\\JSFiddle\\src\\components\\Shimmer.js": {"path":"C:\\Users\\sneha\\OneDrive\\Desktop\\MyWork\\JSFiddle\\src\\components\\Shimmer.js","statementMap":{"0":{"start":{"line":6,"column":16},"end":{"line":40,"column":1}},"1":{"start":{"line":7,"column":40},"end":{"line":7,"column":54}},"2":{"start":{"line":8,"column":2},"end":{"line":10,"column":9}},"3":{"start":{"line":9,"column":18},"end":{"line":9,"column":63}},"4":{"start":{"line":9,"column":35},"end":{"line":9,"column":56}},"5":{"start":{"line":12,"column":26},"end":{"line":12,"column":50}},"6":{"start":{"line":14,"column":2},"end":{"line":39,"column":4}},"7":{"start":{"line":18,"column":10},"end":{"line":25,"column":16}}},"fnMap":{"0":{"name":"(anonymous_0)","decl":{"start":{"line":6,"column":16},"end":{"line":6,"column":17}},"loc":{"start":{"line":6,"column":22},"end":{"line":40,"column":1}},"line":6},"1":{"name":"(anonymous_1)","decl":{"start":{"line":8,"column":12},"end":{"line":8,"column":13}},"loc":{"start":{"line":8,"column":18},"end":{"line":10,"column":3}},"line":8},"2":{"name":"(anonymous_2)","decl":{"start":{"line":9,"column":29},"end":{"line":9,"column":30}},"loc":{"start":{"line":9,"column":35},"end":{"line":9,"column":56}},"line":9},"3":{"name":"(anonymous_3)","decl":{"start":{"line":17,"column":28},"end":{"line":17,"column":29}},"loc":{"start":{"line":18,"column":10},"end":{"line":25,"column":16}},"line":18}},"branchMap":{"0":{"loc":{"start":{"line":16,"column":7},"end":{"line":26,"column":10}},"type":"binary-expr","locations":[{"start":{"line":16,"column":7},"end":{"line":16,"column":18}},{"start":{"line":17,"column":8},"end":{"line":26,"column":10}}],"line":16},"1":{"loc":{"start":{"line":27,"column":7},"end":{"line":37,"column":7}},"type":"binary-expr","locations":[{"start":{"line":27,"column":7},"end":{"line":27,"column":19}},{"start":{"line":28,"column":8},"end":{"line":36,"column":14}}],"line":27}},"s":{"0":1,"1":2,"2":2,"3":1,"4":0,"5":2,"6":2,"7":12},"f":{"0":2,"1":1,"2":0,"3":12},"b":{"0":[2,2],"1":[2,0]},"_coverageSchema":"1a1c01bbd47fc00a2c39e90264f33305004495a9","hash":"0caf1f532d9887607c66453488aaeeebfcf183e7"}
,"C:\\Users\\sneha\\OneDrive\\Desktop\\MyWork\\JSFiddle\\src\\components\\UserClass.js": {"path":"C:\\Users\\sneha\\OneDrive\\Desktop\\MyWork\\JSFiddle\\src\\components\\UserClass.js","statementMap":{"0":{"start":{"line":5,"column":8},"end":{"line":5,"column":21}},"1":{"start":{"line":12,"column":8},"end":{"line":15,"column":15}}},"fnMap":{"0":{"name":"(anonymous_0)","decl":{"start":{"line":4,"column":4},"end":{"line":4,"column":5}},"loc":{"start":{"line":4,"column":23},"end":{"line":6,"column":5}},"line":4},"1":{"name":"(anonymous_1)","decl":{"start":{"line":8,"column":4},"end":{"line":8,"column":5}},"loc":{"start":{"line":8,"column":23},"end":{"line":9,"column":5}},"line":8},"2":{"name":"(anonymous_2)","decl":{"start":{"line":10,"column":4},"end":{"line":10,"column":5}},"loc":{"start":{"line":10,"column":12},"end":{"line":16,"column":5}},"line":10}},"branchMap":{},"s":{"0":3,"1":3},"f":{"0":3,"1":3,"2":3},"b":{},"_coverageSchema":"1a1c01bbd47fc00a2c39e90264f33305004495a9","hash":"3b97f5ccbe47737aa320176f0a99ab015ff11168"}
,"C:\\Users\\sneha\\OneDrive\\Desktop\\MyWork\\JSFiddle\\src\\utils\\cartSlice.js": {"path":"C:\\Users\\sneha\\OneDrive\\Desktop\\MyWork\\JSFiddle\\src\\utils\\cartSlice.js","statementMap":{"0":{"start":{"line":3,"column":18},"end":{"line":70,"column":2}},"1":{"start":{"line":12,"column":30},"end":{"line":14,"column":10}},"2":{"start":{"line":13,"column":12},"end":{"line":13,"column":69}},"3":{"start":{"line":15,"column":8},"end":{"line":20,"column":9}},"4":{"start":{"line":16,"column":34},"end":{"line":16,"column":68}},"5":{"start":{"line":17,"column":12},"end":{"line":17,"column":44}},"6":{"start":{"line":19,"column":12},"end":{"line":19,"column":40}},"7":{"start":{"line":21,"column":6},"end":{"line":21,"column":64}},"8":{"start":{"line":22,"column":6},"end":{"line":25,"column":8}},"9":{"start":{"line":23,"column":25},"end":{"line":23,"column":46}},"10":{"start":{"line":28,"column":6},"end":{"line":28,"column":38}},"11":{"start":{"line":29,"column":6},"end":{"line":29,"column":64}},"12":{"start":{"line":32,"column":6},"end":{"line":32,"column":29}},"13":{"start":{"line":33,"column":6},"end":{"line":33,"column":28}},"14":{"start":{"line":34,"column":6},"end":{"line":34,"column":27}},"15":{"start":{"line":37,"column":19},"end":{"line":39,"column":8}},"16":{"start":{"line":38,"column":8},"end":{"line":38,"column":65}},"17":{"start":{"line":40,"column":6},"end":{"line":42,"column":7}},"18":{"start":{"line":41,"column":8},"end":{"line":41,"column":27}},"19":{"start":{"line":43,"column":6},"end":{"line":43,"column":64}},"20":{"start":{"line":44,"column":6},"end":{"line":47,"column":8}},"21":{"start":{"line":45,"column":25},"end":{"line":45,"column":46}},"22":{"start":{"line":50,"column":19},"end":{"line":52,"column":8}},"23":{"start":{"line":51,"column":8},"end":{"line":51,"column":65}},"24":{"start":{"line":53,"column":6},"end":{"line":67,"column":7}},"25":{"start":{"line":54,"column":8},"end":{"line":54,"column":27}},"26":{"start":{"line":55,"column":8},"end":{"line":55,"column":66}},"27":{"start":{"line":56,"column":8},"end":{"line":59,"column":10}},"28":{"start":{"line":57,"column":27},"end":{"line":57,"column":48}},"29":{"start":{"line":60,"column":12},"end":{"line":67,"column":7}},"30":{"start":{"line":61,"column":8},"end":{"line":61,"column":100}},"31":{"start":{"line":61,"column":49},"end":{"line":61,"column":98}},"32":{"start":{"line":62,"column":10},"end":{"line":62,"column":68}},"33":{"start":{"line":63,"column":10},"end":{"line":66,"column":12}},"34":{"start":{"line":64,"column":29},"end":{"line":64,"column":50}},"35":{"start":{"line":78,"column":4},"end":{"line":78,"column":21}}},"fnMap":{"0":{"name":"(anonymous_0)","decl":{"start":{"line":11,"column":13},"end":{"line":11,"column":14}},"loc":{"start":{"line":11,"column":32},"end":{"line":26,"column":5}},"line":11},"1":{"name":"(anonymous_1)","decl":{"start":{"line":12,"column":47},"end":{"line":12,"column":48}},"loc":{"start":{"line":12,"column":57},"end":{"line":14,"column":9}},"line":12},"2":{"name":"(anonymous_2)","decl":{"start":{"line":23,"column":8},"end":{"line":23,"column":9}},"loc":{"start":{"line":23,"column":25},"end":{"line":23,"column":46}},"line":23},"3":{"name":"(anonymous_3)","decl":{"start":{"line":27,"column":16},"end":{"line":27,"column":17}},"loc":{"start":{"line":27,"column":27},"end":{"line":30,"column":5}},"line":27},"4":{"name":"(anonymous_4)","decl":{"start":{"line":31,"column":15},"end":{"line":31,"column":16}},"loc":{"start":{"line":31,"column":26},"end":{"line":35,"column":5}},"line":31},"5":{"name":"(anonymous_5)","decl":{"start":{"line":36,"column":26},"end":{"line":36,"column":27}},"loc":{"start":{"line":36,"column":45},"end":{"line":48,"column":5}},"line":36},"6":{"name":"(anonymous_6)","decl":{"start":{"line":37,"column":36},"end":{"line":37,"column":37}},"loc":{"start":{"line":37,"column":46},"end":{"line":39,"column":7}},"line":37},"7":{"name":"(anonymous_7)","decl":{"start":{"line":45,"column":8},"end":{"line":45,"column":9}},"loc":{"start":{"line":45,"column":25},"end":{"line":45,"column":46}},"line":45},"8":{"name":"(anonymous_8)","decl":{"start":{"line":49,"column":24},"end":{"line":49,"column":25}},"loc":{"start":{"line":49,"column":43},"end":{"line":68,"column":5}},"line":49},"9":{"name":"(anonymous_9)","decl":{"start":{"line":50,"column":36},"end":{"line":50,"column":37}},"loc":{"start":{"line":50,"column":46},"end":{"line":52,"column":7}},"line":50},"10":{"name":"(anonymous_10)","decl":{"start":{"line":57,"column":10},"end":{"line":57,"column":11}},"loc":{"start":{"line":57,"column":27},"end":{"line":57,"column":48}},"line":57},"11":{"name":"(anonymous_11)","decl":{"start":{"line":61,"column":41},"end":{"line":61,"column":42}},"loc":{"start":{"line":61,"column":49},"end":{"line":61,"column":98}},"line":61},"12":{"name":"(anonymous_12)","decl":{"start":{"line":64,"column":12},"end":{"line":64,"column":13}},"loc":{"start":{"line":64,"column":29},"end":{"line":64,"column":50}},"line":64}},"branchMap":{"0":{"loc":{"start":{"line":15,"column":8},"end":{"line":20,"column":9}},"type":"if","locations":[{"start":{"line":15,"column":8},"end":{"line":20,"column":9}},{"start":{"line":18,"column":13},"end":{"line":20,"column":9}}],"line":15},"1":{"loc":{"start":{"line":40,"column":6},"end":{"line":42,"column":7}},"type":"if","locations":[{"start":{"line":40,"column":6},"end":{"line":42,"column":7}},{"start":{},"end":{}}],"line":40},"2":{"loc":{"start":{"line":53,"column":6},"end":{"line":67,"column":7}},"type":"if","locations":[{"start":{"line":53,"column":6},"end":{"line":67,"column":7}},{"start":{"line":60,"column":12},"end":{"line":67,"column":7}}],"line":53},"3":{"loc":{"start":{"line":53,"column":10},"end":{"line":53,"column":34}},"type":"binary-expr","locations":[{"start":{"line":53,"column":10},"end":{"line":53,"column":14}},{"start":{"line":53,"column":18},"end":{"line":53,"column":34}}],"line":53},"4":{"loc":{"start":{"line":60,"column":12},"end":{"line":67,"column":7}},"type":"if","locations":[{"start":{"line":60,"column":12},"end":{"line":67,"column":7}},{"start":{},"end":{}}],"line":60}},"s":{"0":1,"1":0,"2":0,"3":0,"4":0,"5":0,"6":0,"7":0,"8":0,"9":0,"10":0,"11":0,"12":0,"13":0,"14":0,"15":0,"16":0,"17":0,"18":0,"19":0,"20":0,"21":0,"22":0,"23":0,"24":0,"25":0,"26":0,"27":0,"28":0,"29":0,"30":0,"31":0,"32":0,"33":0,"34":0,"35":1},"f":{"0":0,"1":0,"2":0,"3":0,"4":0,"5":0,"6":0,"7":0,"8":0,"9":0,"10":0,"11":0,"12":0},"b":{"0":[0,0],"1":[0,0],"2":[0,0],"3":[0,0],"4":[0,0]},"_coverageSchema":"1a1c01bbd47fc00a2c39e90264f33305004495a9","hash":"621f45a84fe7c59c536790e7de2e172dbd229f43"}
,"C:\\Users\\sneha\\OneDrive\\Desktop\\MyWork\\JSFiddle\\src\\utils\\constants.js": {"path":"C:\\Users\\sneha\\OneDrive\\Desktop\\MyWork\\JSFiddle\\src\\utils\\constants.js","statementMap":{"0":{"start":{"line":1,"column":22},"end":{"line":1,"column":132}},"1":{"start":{"line":2,"column":21},"end":{"line":2,"column":104}},"2":{"start":{"line":3,"column":28},"end":{"line":3,"column":173}},"3":{"start":{"line":4,"column":27},"end":{"line":32,"column":1}}},"fnMap":{},"branchMap":{},"s":{"0":1,"1":1,"2":1,"3":1},"f":{},"b":{},"_coverageSchema":"1a1c01bbd47fc00a2c39e90264f33305004495a9","hash":"205dcfde9174ebf66b2f20881320be55d1bb4c7a"}
}
